<?xml version="1.0" encoding="UTF-8"?>
<testsuite xmlns:xsi="http://www.w3.org/2001/XMLSchema-instance" xsi:noNamespaceSchemaLocation="https://maven.apache.org/surefire/maven-surefire-plugin/xsd/surefire-test-report-3.0.xsd" version="3.0" name="com.elsevier.usage.apitests.cucumberoptions.TestRunner" time="2.866" tests="1" errors="0" skipped="0" failures="1">
  <properties>
    <property name="gopherProxySet" value="false"/>
    <property name="awt.toolkit" value="sun.lwawt.macosx.LWCToolkit"/>
    <property name="file.encoding.pkg" value="sun.io"/>
    <property name="java.specification.version" value="1.8"/>
    <property name="sun.cpu.isalist" value=""/>
    <property name="sun.jnu.encoding" value="UTF-8"/>
    <property name="java.class.path" value="/Users/sistum/usage-projects/restassuredpractice/target/test-classes:/Users/sistum/usage-projects/restassuredpractice/target/classes:/Users/sistum/.m2/repository/junit/junit/4.13.1/junit-4.13.1.jar:/Users/sistum/.m2/repository/org/hamcrest/hamcrest-core/1.3/hamcrest-core-1.3.jar:/Users/sistum/.m2/repository/io/cucumber/cucumber-java/6.9.0/cucumber-java-6.9.0.jar:/Users/sistum/.m2/repository/io/cucumber/cucumber-core/6.9.0/cucumber-core-6.9.0.jar:/Users/sistum/.m2/repository/io/cucumber/cucumber-gherkin/6.9.0/cucumber-gherkin-6.9.0.jar:/Users/sistum/.m2/repository/io/cucumber/cucumber-gherkin-messages/6.9.0/cucumber-gherkin-messages-6.9.0.jar:/Users/sistum/.m2/repository/io/cucumber/messages/13.2.0/messages-13.2.0.jar:/Users/sistum/.m2/repository/io/cucumber/tag-expressions/3.0.0/tag-expressions-3.0.0.jar:/Users/sistum/.m2/repository/io/cucumber/cucumber-expressions/10.3.0/cucumber-expressions-10.3.0.jar:/Users/sistum/.m2/repository/io/cucumber/datatable/3.5.0/datatable-3.5.0.jar:/Users/sistum/.m2/repository/io/cucumber/cucumber-plugin/6.9.0/cucumber-plugin-6.9.0.jar:/Users/sistum/.m2/repository/io/cucumber/docstring/6.9.0/docstring-6.9.0.jar:/Users/sistum/.m2/repository/io/cucumber/html-formatter/9.0.0/html-formatter-9.0.0.jar:/Users/sistum/.m2/repository/io/cucumber/create-meta/2.0.4/create-meta-2.0.4.jar:/Users/sistum/.m2/repository/org/apiguardian/apiguardian-api/1.1.0/apiguardian-api-1.1.0.jar:/Users/sistum/.m2/repository/io/cucumber/cucumber-junit/6.9.0/cucumber-junit-6.9.0.jar:/Users/sistum/.m2/repository/io/rest-assured/rest-assured/4.3.2/rest-assured-4.3.2.jar:/Users/sistum/.m2/repository/org/codehaus/groovy/groovy/3.0.6/groovy-3.0.6.jar:/Users/sistum/.m2/repository/org/codehaus/groovy/groovy-xml/3.0.6/groovy-xml-3.0.6.jar:/Users/sistum/.m2/repository/org/apache/httpcomponents/httpclient/4.5.3/httpclient-4.5.3.jar:/Users/sistum/.m2/repository/org/apache/httpcomponents/httpcore/4.4.6/httpcore-4.4.6.jar:/Users/sistum/.m2/repository/commons-logging/commons-logging/1.2/commons-logging-1.2.jar:/Users/sistum/.m2/repository/commons-codec/commons-codec/1.9/commons-codec-1.9.jar:/Users/sistum/.m2/repository/org/apache/httpcomponents/httpmime/4.5.3/httpmime-4.5.3.jar:/Users/sistum/.m2/repository/org/hamcrest/hamcrest/2.1/hamcrest-2.1.jar:/Users/sistum/.m2/repository/org/ccil/cowan/tagsoup/tagsoup/1.2.1/tagsoup-1.2.1.jar:/Users/sistum/.m2/repository/io/rest-assured/json-path/4.3.2/json-path-4.3.2.jar:/Users/sistum/.m2/repository/org/codehaus/groovy/groovy-json/3.0.6/groovy-json-3.0.6.jar:/Users/sistum/.m2/repository/io/rest-assured/rest-assured-common/4.3.2/rest-assured-common-4.3.2.jar:/Users/sistum/.m2/repository/io/rest-assured/xml-path/4.3.2/xml-path-4.3.2.jar:/Users/sistum/.m2/repository/org/apache/commons/commons-lang3/3.11/commons-lang3-3.11.jar:/Users/sistum/.m2/repository/jakarta/xml/bind/jakarta.xml.bind-api/2.3.3/jakarta.xml.bind-api-2.3.3.jar:/Users/sistum/.m2/repository/jakarta/activation/jakarta.activation-api/1.2.2/jakarta.activation-api-1.2.2.jar:/Users/sistum/.m2/repository/com/sun/xml/bind/jaxb-impl/2.3.3/jaxb-impl-2.3.3.jar:/Users/sistum/.m2/repository/org/skyscreamer/jsonassert/1.5.0/jsonassert-1.5.0.jar:/Users/sistum/.m2/repository/com/vaadin/external/google/android-json/0.0.20131108.vaadin1/android-json-0.0.20131108.vaadin1.jar:/Users/sistum/.m2/repository/org/awaitility/awaitility/3.0.0/awaitility-3.0.0.jar:/Users/sistum/.m2/repository/org/hamcrest/hamcrest-library/1.3/hamcrest-library-1.3.jar:/Users/sistum/.m2/repository/org/objenesis/objenesis/2.5.1/objenesis-2.5.1.jar:"/>
    <property name="java.vm.vendor" value="Oracle Corporation"/>
    <property name="sun.arch.data.model" value="64"/>
    <property name="java.vendor.url" value="http://java.oracle.com/"/>
    <property name="user.timezone" value=""/>
    <property name="java.vm.specification.version" value="1.8"/>
    <property name="os.name" value="Mac OS X"/>
    <property name="user.country" value="GB"/>
    <property name="sun.java.launcher" value="SUN_STANDARD"/>
    <property name="sun.boot.library.path" value="/Library/Java/JavaVirtualMachines/jdk1.8.0_241.jdk/Contents/Home/jre/lib"/>
    <property name="sun.java.command" value="/Users/sistum/usage-projects/restassuredpractice/target/surefire/surefirebooter2087025101848999152.jar /Users/sistum/usage-projects/restassuredpractice/target/surefire 2020-12-17T12-58-37_132-jvmRun1 surefire1611134249992906887tmp surefire_05214532406683043171tmp"/>
    <property name="surefire.test.class.path" value="/Users/sistum/usage-projects/restassuredpractice/target/test-classes:/Users/sistum/usage-projects/restassuredpractice/target/classes:/Users/sistum/.m2/repository/junit/junit/4.13.1/junit-4.13.1.jar:/Users/sistum/.m2/repository/org/hamcrest/hamcrest-core/1.3/hamcrest-core-1.3.jar:/Users/sistum/.m2/repository/io/cucumber/cucumber-java/6.9.0/cucumber-java-6.9.0.jar:/Users/sistum/.m2/repository/io/cucumber/cucumber-core/6.9.0/cucumber-core-6.9.0.jar:/Users/sistum/.m2/repository/io/cucumber/cucumber-gherkin/6.9.0/cucumber-gherkin-6.9.0.jar:/Users/sistum/.m2/repository/io/cucumber/cucumber-gherkin-messages/6.9.0/cucumber-gherkin-messages-6.9.0.jar:/Users/sistum/.m2/repository/io/cucumber/messages/13.2.0/messages-13.2.0.jar:/Users/sistum/.m2/repository/io/cucumber/tag-expressions/3.0.0/tag-expressions-3.0.0.jar:/Users/sistum/.m2/repository/io/cucumber/cucumber-expressions/10.3.0/cucumber-expressions-10.3.0.jar:/Users/sistum/.m2/repository/io/cucumber/datatable/3.5.0/datatable-3.5.0.jar:/Users/sistum/.m2/repository/io/cucumber/cucumber-plugin/6.9.0/cucumber-plugin-6.9.0.jar:/Users/sistum/.m2/repository/io/cucumber/docstring/6.9.0/docstring-6.9.0.jar:/Users/sistum/.m2/repository/io/cucumber/html-formatter/9.0.0/html-formatter-9.0.0.jar:/Users/sistum/.m2/repository/io/cucumber/create-meta/2.0.4/create-meta-2.0.4.jar:/Users/sistum/.m2/repository/org/apiguardian/apiguardian-api/1.1.0/apiguardian-api-1.1.0.jar:/Users/sistum/.m2/repository/io/cucumber/cucumber-junit/6.9.0/cucumber-junit-6.9.0.jar:/Users/sistum/.m2/repository/io/rest-assured/rest-assured/4.3.2/rest-assured-4.3.2.jar:/Users/sistum/.m2/repository/org/codehaus/groovy/groovy/3.0.6/groovy-3.0.6.jar:/Users/sistum/.m2/repository/org/codehaus/groovy/groovy-xml/3.0.6/groovy-xml-3.0.6.jar:/Users/sistum/.m2/repository/org/apache/httpcomponents/httpclient/4.5.3/httpclient-4.5.3.jar:/Users/sistum/.m2/repository/org/apache/httpcomponents/httpcore/4.4.6/httpcore-4.4.6.jar:/Users/sistum/.m2/repository/commons-logging/commons-logging/1.2/commons-logging-1.2.jar:/Users/sistum/.m2/repository/commons-codec/commons-codec/1.9/commons-codec-1.9.jar:/Users/sistum/.m2/repository/org/apache/httpcomponents/httpmime/4.5.3/httpmime-4.5.3.jar:/Users/sistum/.m2/repository/org/hamcrest/hamcrest/2.1/hamcrest-2.1.jar:/Users/sistum/.m2/repository/org/ccil/cowan/tagsoup/tagsoup/1.2.1/tagsoup-1.2.1.jar:/Users/sistum/.m2/repository/io/rest-assured/json-path/4.3.2/json-path-4.3.2.jar:/Users/sistum/.m2/repository/org/codehaus/groovy/groovy-json/3.0.6/groovy-json-3.0.6.jar:/Users/sistum/.m2/repository/io/rest-assured/rest-assured-common/4.3.2/rest-assured-common-4.3.2.jar:/Users/sistum/.m2/repository/io/rest-assured/xml-path/4.3.2/xml-path-4.3.2.jar:/Users/sistum/.m2/repository/org/apache/commons/commons-lang3/3.11/commons-lang3-3.11.jar:/Users/sistum/.m2/repository/jakarta/xml/bind/jakarta.xml.bind-api/2.3.3/jakarta.xml.bind-api-2.3.3.jar:/Users/sistum/.m2/repository/jakarta/activation/jakarta.activation-api/1.2.2/jakarta.activation-api-1.2.2.jar:/Users/sistum/.m2/repository/com/sun/xml/bind/jaxb-impl/2.3.3/jaxb-impl-2.3.3.jar:/Users/sistum/.m2/repository/org/skyscreamer/jsonassert/1.5.0/jsonassert-1.5.0.jar:/Users/sistum/.m2/repository/com/vaadin/external/google/android-json/0.0.20131108.vaadin1/android-json-0.0.20131108.vaadin1.jar:/Users/sistum/.m2/repository/org/awaitility/awaitility/3.0.0/awaitility-3.0.0.jar:/Users/sistum/.m2/repository/org/hamcrest/hamcrest-library/1.3/hamcrest-library-1.3.jar:/Users/sistum/.m2/repository/org/objenesis/objenesis/2.5.1/objenesis-2.5.1.jar:"/>
    <property name="sun.cpu.endian" value="little"/>
    <property name="user.home" value="/Users/sistum"/>
    <property name="user.language" value="en"/>
    <property name="java.specification.vendor" value="Oracle Corporation"/>
    <property name="java.home" value="/Library/Java/JavaVirtualMachines/jdk1.8.0_241.jdk/Contents/Home/jre"/>
    <property name="basedir" value="/Users/sistum/usage-projects/restassuredpractice"/>
    <property name="file.separator" value="/"/>
    <property name="line.separator" value="&#10;"/>
    <property name="java.vm.specification.vendor" value="Oracle Corporation"/>
    <property name="java.specification.name" value="Java Platform API Specification"/>
    <property name="java.awt.graphicsenv" value="sun.awt.CGraphicsEnvironment"/>
    <property name="surefire.real.class.path" value="/Users/sistum/usage-projects/restassuredpractice/target/surefire/surefirebooter2087025101848999152.jar"/>
    <property name="sun.boot.class.path" value="/Library/Java/JavaVirtualMachines/jdk1.8.0_241.jdk/Contents/Home/jre/lib/resources.jar:/Library/Java/JavaVirtualMachines/jdk1.8.0_241.jdk/Contents/Home/jre/lib/rt.jar:/Library/Java/JavaVirtualMachines/jdk1.8.0_241.jdk/Contents/Home/jre/lib/sunrsasign.jar:/Library/Java/JavaVirtualMachines/jdk1.8.0_241.jdk/Contents/Home/jre/lib/jsse.jar:/Library/Java/JavaVirtualMachines/jdk1.8.0_241.jdk/Contents/Home/jre/lib/jce.jar:/Library/Java/JavaVirtualMachines/jdk1.8.0_241.jdk/Contents/Home/jre/lib/charsets.jar:/Library/Java/JavaVirtualMachines/jdk1.8.0_241.jdk/Contents/Home/jre/lib/jfr.jar:/Library/Java/JavaVirtualMachines/jdk1.8.0_241.jdk/Contents/Home/jre/classes"/>
    <property name="sun.management.compiler" value="HotSpot 64-Bit Tiered Compilers"/>
    <property name="java.runtime.version" value="1.8.0_241-b07"/>
    <property name="user.name" value="sistum"/>
    <property name="path.separator" value=":"/>
    <property name="os.version" value="10.14.6"/>
    <property name="java.endorsed.dirs" value="/Library/Java/JavaVirtualMachines/jdk1.8.0_241.jdk/Contents/Home/jre/lib/endorsed"/>
    <property name="java.runtime.name" value="Java(TM) SE Runtime Environment"/>
    <property name="file.encoding" value="UTF-8"/>
    <property name="java.vm.name" value="Java HotSpot(TM) 64-Bit Server VM"/>
    <property name="localRepository" value="/Users/sistum/.m2/repository"/>
    <property name="java.vendor.url.bug" value="http://bugreport.sun.com/bugreport/"/>
    <property name="java.io.tmpdir" value="/var/folders/_0/24ww_t515n107_chnz3q71sx808llj/T/"/>
    <property name="idea.version" value="2020.2.2"/>
    <property name="java.version" value="1.8.0_241"/>
    <property name="user.dir" value="/Users/sistum/usage-projects/restassuredpractice"/>
    <property name="os.arch" value="x86_64"/>
    <property name="java.vm.specification.name" value="Java Virtual Machine Specification"/>
    <property name="java.awt.printerjob" value="sun.lwawt.macosx.CPrinterJob"/>
    <property name="sun.os.patch.level" value="unknown"/>
    <property name="environment" value="prod"/>
    <property name="java.library.path" value="/Users/sistum/Library/Java/Extensions:/Library/Java/Extensions:/Network/Library/Java/Extensions:/System/Library/Java/Extensions:/usr/lib/java:."/>
    <property name="java.vm.info" value="mixed mode"/>
    <property name="java.vendor" value="Oracle Corporation"/>
    <property name="java.vm.version" value="25.241-b07"/>
    <property name="java.ext.dirs" value="/Users/sistum/Library/Java/Extensions:/Library/Java/JavaVirtualMachines/jdk1.8.0_241.jdk/Contents/Home/jre/lib/ext:/Library/Java/Extensions:/Network/Library/Java/Extensions:/System/Library/Java/Extensions:/usr/lib/java"/>
    <property name="sun.io.unicode.encoding" value="UnicodeBig"/>
    <property name="java.class.version" value="52.0"/>
  </properties>
  <testcase name="Submitting get request for dr_d1 json formatted end point and validating expected output data is matching with actual data for a scenario:dr_d1_sc_json.json" classname="Perform functional testing around the actual contents of the reports that the service generates." time="2.354">
    <failure message="Report_Header.Customer_ID&#10;Expected: C000036298&#10;     got: S000000004&#10; ; Report_Header.Institution_Name&#10;Expected: University of Connecticut&#10;     got: COUPERIN Consortium&#10; ; Report_Items[Database=Scopus].Performance[0] Could not find match for element {&quot;Instance&quot;:[{&quot;Metric_Type&quot;:&quot;Searches_Regular&quot;,&quot;Count&quot;:8457}],&quot;Period&quot;:{&quot;Begin_Date&quot;:&quot;2016-01-01&quot;,&quot;End_Date&quot;:&quot;2016-01-31&quot;}}" type="java.lang.AssertionError"><![CDATA[java.lang.AssertionError: 
Report_Header.Customer_ID
Expected: C000036298
     got: S000000004
 ; Report_Header.Institution_Name
Expected: University of Connecticut
     got: COUPERIN Consortium
 ; Report_Items[Database=Scopus].Performance[0] Could not find match for element {"Instance":[{"Metric_Type":"Searches_Regular","Count":8457}],"Period":{"Begin_Date":"2016-01-01","End_Date":"2016-01-31"}}
]]></failure>
    <system-out><![CDATA[
@integration-tests
Scenario Outline: Submitting get request for dr_d1 json formatted end point and validating expected output data is matching with actual data for a scenario:dr_d1_sc_json.json # src/test/java/com/elsevier/usage/apitests/features/getreport.feature:11
  Given I select the environment on which the execution is to be processed                                                                                                     # com.elsevier.usage.apitests.stepdefinitions.ReportDefinition.selectEnvironment()
  And I submit a get request with the required request parameters such as s000000004,counter,2016-01-01,2016-12-31,sc and json                                                 # com.elsevier.usage.apitests.stepdefinitions.ReportDefinition.submitRequest(java.lang.String,java.lang.String,java.lang.String,java.lang.String,java.lang.String,java.lang.String)
Request method:	GET
Request URI:	https://counterdatasvc.usage.elsst.com/reports/dr_d1?platform=sc&report_format=json&begin_date=2016-01-01&end_date=2016-12-31&customer_id=s000000004&requestor_id=counter
Proxy:			<none>
Request params:	<none>
Query params:	platform=sc
				report_format=json
				begin_date=2016-01-01
				end_date=2016-12-31
				customer_id=s000000004
				requestor_id=counter
Form params:	<none>
Path params:	<none>
Headers:		Accept=*/*
Cookies:		<none>
Multiparts:		<none>
Body:			<none>
------------->200
  And I provide the service url dr_d1 and wait until response is 200                                                                                                           # com.elsevier.usage.apitests.stepdefinitions.ReportDefinition.serviceURLandLimit(java.lang.String)
------------------->{"Report_Header":{"Created":"2020-12-07T10:53:00Z","Created_By":"Elsevier Services","Customer_ID":"C000036298","Report_ID":"DR_D1","Release":"5","Report_Name":"Database Search and Item Usage","Institution_Name":"University of Connecticut","Report_Filters":[{"Name":"Metric_Type","Value":"Searches_Automated|Searches_Federated|Searches_Regular|Total_Item_Investigations|Total_Item_Requests"},{"Name":"Access_Method","Value":"Regular"},{"Name":"Begin_Date","Value":"2016-01-01"},{"Name":"End_Date","Value":"2016-12-31"}]},"Report_Items":[{"Platform":"Scopus.com","Database":"Scopus","Publisher":"Elsevier","Performance":[{"Period":{"Begin_Date":"2016-01-01","End_Date":"2016-01-31"},"Instance":[{"Metric_Type":"Searches_Regular","Count":8457}]},{"Period":{"Begin_Date":"2016-02-01","End_Date":"2016-02-29"},"Instance":[{"Metric_Type":"Searches_Regular","Count":12694}]},{"Period":{"Begin_Date":"2016-03-01","End_Date":"2016-03-31"},"Instance":[{"Metric_Type":"Searches_Federated","Count":3},{"Metric_Type":"Searches_Regular","Count":11449}]},{"Period":{"Begin_Date":"2016-04-01","End_Date":"2016-04-30"},"Instance":[{"Metric_Type":"Searches_Regular","Count":11700}]},{"Period":{"Begin_Date":"2016-05-01","End_Date":"2016-05-31"},"Instance":[{"Metric_Type":"Searches_Federated","Count":2},{"Metric_Type":"Searches_Regular","Count":7890}]},{"Period":{"Begin_Date":"2016-06-01","End_Date":"2016-06-30"},"Instance":[{"Metric_Type":"Searches_Regular","Count":6467}]},{"Period":{"Begin_Date":"2016-07-01","End_Date":"2016-07-31"},"Instance":[{"Metric_Type":"Searches_Regular","Count":6050}]},{"Period":{"Begin_Date":"2016-08-01","End_Date":"2016-08-31"},"Instance":[{"Metric_Type":"Searches_Regular","Count":8031}]},{"Period":{"Begin_Date":"2016-09-01","End_Date":"2016-09-30"},"Instance":[{"Metric_Type":"Searches_Regular","Count":9616}]},{"Period":{"Begin_Date":"2016-10-01","End_Date":"2016-10-31"},"Instance":[{"Metric_Type":"Searches_Regular","Count":10568}]},{"Period":{"Begin_Date":"2016-11-01","End_Date":"2016-11-30"},"Instance":[{"Metric_Type":"Searches_Regular","Count":8806}]},{"Period":{"Begin_Date":"2016-12-01","End_Date":"2016-12-31"},"Instance":[{"Metric_Type":"Searches_Regular","Count":6978}]}]}]}
  Then I compare the actual output sent by service with expected output file present in expected-content directory "src/test/expected-content/dr_d1_sc_json.json".             # com.elsevier.usage.apitests.stepdefinitions.ReportDefinition.compareJsonFiles(java.lang.String)
      java.lang.AssertionError: Report_Header.Customer_ID
Expected: C000036298
     got: S000000004
 ; Report_Header.Institution_Name
Expected: University of Connecticut
     got: COUPERIN Consortium
 ; Report_Items[Database=Scopus].Performance[0] Could not find match for element {"Instance":[{"Metric_Type":"Searches_Regular","Count":8457}],"Period":{"Begin_Date":"2016-01-01","End_Date":"2016-01-31"}}
	at org.skyscreamer.jsonassert.JSONAssert.assertEquals(JSONAssert.java:482)
	at org.skyscreamer.jsonassert.JSONAssert.assertEquals(JSONAssert.java:464)
	at com.elsevier.usage.apitests.stepdefinitions.ReportDefinition.compareJsonFiles(ReportDefinition.java:68)
	at ✽.I compare the actual output sent by service with expected output file present in expected-content directory "src/test/expected-content/dr_d1_sc_json.json".(file:///Users/sistum/usage-projects/restassuredpractice/src/test/java/com/elsevier/usage/apitests/features/getreport.feature:8)

]]></system-out>
  </testcase>
</testsuite>